Running SLURM prolog script on indigo58.cluster.local
===============================================================================
Job started on Sun  9 May 10:49:06 BST 2021
Job ID          : 168305
Job name        : edgelrtq
WorkDir         : /mainfs/home/jlc1n20/projects/cluster_gnn
Command         : /mainfs/home/jlc1n20/projects/cluster_gnn/scripts/sub_lr.sh
Partition       : gpu
Num hosts       : 1
Num cores       : 1
Num of tasks    : 1
Hosts allocated : indigo58
Job Output Follows ...
===============================================================================
Traceback (most recent call last):
  File "/home/jlc1n20/projects/cluster_gnn/scripts/train_lr2.py", line 31, in <module>
    for num, data in enumerate(tqdm(loader)):
NameError: name 'tqdm' is not defined
==============================================================================
Running epilogue script on indigo58.

Submit time  : 2021-05-09T10:49:06
Start time   : 2021-05-09T10:49:06
End time     : 2021-05-09T10:49:21
Elapsed time : 00:00:15 (Timelimit=1-00:00:00)

Job ID: 168305
Cluster: i5
User/Group: jlc1n20/fp
State: FAILED (exit code 1)
Cores: 1
CPU Utilized: 00:00:09
CPU Efficiency: 60.00% of 00:00:15 core-walltime
Job Wall-clock time: 00:00:15
Memory Utilized: 2.06 MB
Memory Efficiency: 0.01% of 40.00 GB

