Running SLURM prolog script on indigo54.cluster.local
===============================================================================
Job started on Sun  9 May 10:31:08 BST 2021
Job ID          : 168297
Job name        : edgelr2
WorkDir         : /mainfs/home/jlc1n20/projects/cluster_gnn
Command         : /mainfs/home/jlc1n20/projects/cluster_gnn/scripts/sub_lr.sh
Partition       : gpu
Num hosts       : 1
Num cores       : 1
Num of tasks    : 1
Hosts allocated : indigo54
Job Output Follows ...
===============================================================================
slurmstepd: error: *** JOB 168297 ON indigo54 CANCELLED AT 2021-05-09T10:48:57 ***
==============================================================================
Running epilogue script on indigo54.

Submit time  : 2021-05-09T10:31:07
Start time   : 2021-05-09T10:31:08
End time     : 2021-05-09T10:48:57
Elapsed time : 00:17:49 (Timelimit=1-00:00:00)

Job ID: 168297
Cluster: i5
User/Group: jlc1n20/fp
State: CANCELLED (exit code 0)
Cores: 1
CPU Utilized: 00:17:24
CPU Efficiency: 97.66% of 00:17:49 core-walltime
Job Wall-clock time: 00:17:49
Memory Utilized: 3.49 GB
Memory Efficiency: 8.72% of 40.00 GB

