Running SLURM prolog script on indigo54.cluster.local
===============================================================================
Job started on Sun  9 May 10:09:04 BST 2021
Job ID          : 168292
Job name        : edgelr2
WorkDir         : /mainfs/home/jlc1n20/projects/cluster_gnn
Command         : /mainfs/home/jlc1n20/projects/cluster_gnn/scripts/sub_lr.sh
Partition       : gpu
Num hosts       : 1
Num cores       : 1
Num of tasks    : 1
Hosts allocated : indigo54
Job Output Follows ...
===============================================================================
slurmstepd: error: *** JOB 168292 ON indigo54 CANCELLED AT 2021-05-09T13:20:50 ***
==============================================================================
Running epilogue script on indigo54.

Submit time  : 2021-05-09T10:09:03
Start time   : 2021-05-09T10:09:04
End time     : 2021-05-09T13:20:50
Elapsed time : 03:11:46 (Timelimit=1-00:00:00)

Job ID: 168292
Cluster: i5
User/Group: jlc1n20/fp
State: CANCELLED (exit code 0)
Cores: 1
CPU Utilized: 03:05:32
CPU Efficiency: 96.75% of 03:11:46 core-walltime
Job Wall-clock time: 03:11:46
Memory Utilized: 3.79 GB
Memory Efficiency: 9.48% of 40.00 GB

