Running SLURM prolog script on indigo60.cluster.local
===============================================================================
Job started on Sat  8 May 22:19:00 BST 2021
Job ID          : 167623
Job name        : edgelr2
WorkDir         : /mainfs/home/jlc1n20/projects/cluster_gnn
Command         : /mainfs/home/jlc1n20/projects/cluster_gnn/scripts/sub_lr.sh
Partition       : gpu
Num hosts       : 1
Num cores       : 1
Num of tasks    : 1
Hosts allocated : indigo60
Job Output Follows ...
===============================================================================
  0%|          | 0/90000 [00:00<?, ?it/s]  0%|          | 0/90000 [00:00<?, ?it/s]
Epoch 0:
Traceback (most recent call last):
  File "/home/jlc1n20/projects/cluster_gnn/scripts/train_lr2.py", line 24, in <module>
    edge_pred = torch.nn.Sigmoid(model(data))
TypeError: __init__() takes 1 positional argument but 2 were given
==============================================================================
Running epilogue script on indigo60.

Submit time  : 2021-05-08T22:19:00
Start time   : 2021-05-08T22:19:00
End time     : 2021-05-08T22:19:09
Elapsed time : 00:00:09 (Timelimit=1-00:00:00)

Job ID: 167623
Cluster: i5
User/Group: jlc1n20/fp
State: FAILED (exit code 1)
Cores: 1
CPU Utilized: 00:00:08
CPU Efficiency: 88.89% of 00:00:09 core-walltime
Job Wall-clock time: 00:00:09
Memory Utilized: 2.06 MB
Memory Efficiency: 0.01% of 40.00 GB

